Using pre-set license
Built from '2020.3/staging' branch; Version is '2020.3.32f1 (12f8b0834f07) revision 1243312'; Using compiler version '192528614'; Build Type 'Release'
OS: 'Windows 10  (10.0.19043) 64bit Professional' Language: 'de' Physical Memory: 16336 MB
BatchMode: 1, IsHumanControllingUs: 0, StartBugReporterOnCrash: 0, Is64bit: 1, IsPro: 0

COMMAND LINE ARGUMENTS:
C:\Program Files\Unity\Hub\Editor\2020.3.32f1\Editor\Unity.exe
-adb2
-batchMode
-noUpm
-name
AssetImportWorker0
-projectPath
D:/Uni/Semester 4/Software Engineering/GitHub/Software-Engineering
-logFile
Logs/AssetImportWorker0.log
-srvPort
62796
Successfully changed project path to: D:/Uni/Semester 4/Software Engineering/GitHub/Software-Engineering
D:/Uni/Semester 4/Software Engineering/GitHub/Software-Engineering
Using Asset Import Pipeline V2.
Refreshing native plugins compatible for Editor in 24.35 ms, found 2 plugins.
Preloading 0 native plugins for Editor in 0.00 ms.
Initialize engine version: 2020.3.32f1 (12f8b0834f07)
[Subsystems] Discovering subsystems at path C:/Program Files/Unity/Hub/Editor/2020.3.32f1/Editor/Data/Resources/UnitySubsystems
[Subsystems] Discovering subsystems at path D:/Uni/Semester 4/Software Engineering/GitHub/Software-Engineering/Assets
GfxDevice: creating device client; threaded=0
Direct3D:
    Version:  Direct3D 11.0 [level 11.1]
    Renderer: NVIDIA GeForce RTX 3070 Ti (ID=0x2482)
    Vendor:   
    VRAM:     8041 MB
    Driver:   30.0.14.7212
Initialize mono
Mono path[0] = 'C:/Program Files/Unity/Hub/Editor/2020.3.32f1/Editor/Data/Managed'
Mono path[1] = 'C:/Program Files/Unity/Hub/Editor/2020.3.32f1/Editor/Data/MonoBleedingEdge/lib/mono/unityjit'
Mono config path = 'C:/Program Files/Unity/Hub/Editor/2020.3.32f1/Editor/Data/MonoBleedingEdge/etc'
Using monoOptions --debugger-agent=transport=dt_socket,embedding=1,server=y,suspend=n,address=127.0.0.1:56464
Begin MonoManager ReloadAssembly
Registering precompiled unity dll's ...
Register platform support module: C:/Program Files/Unity/Hub/Editor/2020.3.32f1/Editor/Data/PlaybackEngines/WebGLSupport/UnityEditor.WebGL.Extensions.dll
Register platform support module: C:/Program Files/Unity/Hub/Editor/2020.3.32f1/Editor/Data/PlaybackEngines/WindowsStandaloneSupport/UnityEditor.WindowsStandalone.Extensions.dll
Registered in 0.002235 seconds.
Native extension for WindowsStandalone target not found
Native extension for WebGL target not found
Refreshing native plugins compatible for Editor in 24.45 ms, found 2 plugins.
Preloading 0 native plugins for Editor in 0.00 ms.
Mono: successfully reloaded assembly
- Completed reload, in  0.465 seconds
Domain Reload Profiling:
	ReloadAssembly (465ms)
		BeginReloadAssembly (54ms)
			ExecutionOrderSort (0ms)
			DisableScriptedObjects (0ms)
			BackupInstance (0ms)
			ReleaseScriptingObjects (0ms)
			CreateAndSetChildDomain (1ms)
		EndReloadAssembly (351ms)
			LoadAssemblies (53ms)
			RebuildTransferFunctionScriptingTraits (0ms)
			SetupTypeCache (120ms)
			ReleaseScriptCaches (0ms)
			RebuildScriptCaches (27ms)
			SetupLoadedEditorAssemblies (129ms)
				LogAssemblyErrors (0ms)
				InitializePlatformSupportModulesInManaged (4ms)
				SetLoadedEditorAssemblies (0ms)
				RefreshPlugins (25ms)
				BeforeProcessingInitializeOnLoad (7ms)
				ProcessInitializeOnLoadAttributes (70ms)
				ProcessInitializeOnLoadMethodAttributes (23ms)
				AfterProcessingInitializeOnLoad (0ms)
				EditorAssembliesLoaded (0ms)
			ExecutionOrderSort2 (0ms)
			AwakeInstancesAfterBackupRestoration (0ms)
Platform modules already initialized, skipping
Registering precompiled user dll's ...
Registered in 0.001748 seconds.
Begin MonoManager ReloadAssembly
Native extension for WindowsStandalone target not found
Native extension for WebGL target not found
Refreshing native plugins compatible for Editor in 0.27 ms, found 2 plugins.
Preloading 0 native plugins for Editor in 0.00 ms.
Mono: successfully reloaded assembly
- Completed reload, in  0.789 seconds
Domain Reload Profiling:
	ReloadAssembly (789ms)
		BeginReloadAssembly (123ms)
			ExecutionOrderSort (0ms)
			DisableScriptedObjects (4ms)
			BackupInstance (0ms)
			ReleaseScriptingObjects (0ms)
			CreateAndSetChildDomain (16ms)
		EndReloadAssembly (613ms)
			LoadAssemblies (74ms)
			RebuildTransferFunctionScriptingTraits (0ms)
			SetupTypeCache (214ms)
			ReleaseScriptCaches (0ms)
			RebuildScriptCaches (33ms)
			SetupLoadedEditorAssemblies (225ms)
				LogAssemblyErrors (0ms)
				InitializePlatformSupportModulesInManaged (5ms)
				SetLoadedEditorAssemblies (0ms)
				RefreshPlugins (0ms)
				BeforeProcessingInitializeOnLoad (44ms)
				ProcessInitializeOnLoadAttributes (162ms)
				ProcessInitializeOnLoadMethodAttributes (7ms)
				AfterProcessingInitializeOnLoad (6ms)
				EditorAssembliesLoaded (0ms)
			ExecutionOrderSort2 (0ms)
			AwakeInstancesAfterBackupRestoration (5ms)
Platform modules already initialized, skipping
========================================================================
Worker process is ready to serve import requests
Launched and connected shader compiler UnityShaderCompiler.exe after 0.06 seconds
Refreshing native plugins compatible for Editor in 0.27 ms, found 2 plugins.
Preloading 0 native plugins for Editor in 0.00 ms.
Unloading 1506 Unused Serialized files (Serialized files now loaded: 0)
System memory in use before: 69.8 MB.
System memory in use after: 69.9 MB.

Unloading 16 unused Assets to reduce memory usage. Loaded Objects now: 1947.
Total: 3.369000 ms (FindLiveObjects: 0.163800 ms CreateObjectMapping: 0.076200 ms MarkObjects: 3.053800 ms  DeleteObjects: 0.074300 ms)

AssetImportParameters requested are different than current active one (requested -> active):
  custom:framework-win-MediaFoundation: 216162199b28c13a410421893ffa2e32 -> 
  custom:video-decoder-ogg-theora: a1e56fd34408186e4bbccfd4996cb3dc -> 
  custom:container-muxer-webm: aa71ff27fc2769a1b78a27578f13a17b -> 
  custom:container-demuxer-webm: 4f35f7cbe854078d1ac9338744f61a02 -> 
  custom:container-demuxer-ogg: 62fdf1f143b41e24485cea50d1cbac27 -> 
  custom:video-encoder-webm-vp8: eb34c28f22e8b96e1ab97ce403110664 -> 
  custom:video-decoder-webm-vp8: 9c59270c3fd7afecdb556c50c9e8de78 -> 
  custom:audio-decoder-ogg-vorbis: bf7c407c2cedff20999df2af8eb42d56 -> 
  custom:audio-encoder-webm-vorbis: bf7c407c2cedff20999df2af8eb42d56 -> 
========================================================================
Received Import Request.
  path: Assets
  artifactKey: Guid(00000000000000001000000000000000) Importer(815301076,1909f56bfc062723c751e8b465ee728b)
Start importing Assets using Guid(00000000000000001000000000000000) Importer(815301076,1909f56bfc062723c751e8b465ee728b)  -> (artifact id: '42d402b061de3733987d63b9cc3b64de') in 0.006218 seconds 
========================================================================
Received Import Request.
  Time since last request: 26.160020 seconds.
  path: Assets/Nature
  artifactKey: Guid(f47f7a08ea4021447919786303b9d930) Importer(815301076,1909f56bfc062723c751e8b465ee728b)
Start importing Assets/Nature using Guid(f47f7a08ea4021447919786303b9d930) Importer(815301076,1909f56bfc062723c751e8b465ee728b)  -> (artifact id: 'd8325aa61ec3dff38caac59511c8492c') in 0.009018 seconds 
========================================================================
Received Import Request.
  Time since last request: 37.748631 seconds.
  path: Packages/com.unity.ext.nunit
  artifactKey: Guid(25a477c2f24db8778a4179421a32cc21) Importer(815301076,1909f56bfc062723c751e8b465ee728b)
Start importing Packages/com.unity.ext.nunit using Guid(25a477c2f24db8778a4179421a32cc21) Importer(815301076,1909f56bfc062723c751e8b465ee728b)  -> (artifact id: 'de8b3f671dc9f0a57b867a67d4aae8de') in 0.012014 seconds 
========================================================================
Received Import Request.
  Time since last request: 1.455830 seconds.
  path: Packages/com.unity.ext.nunit/package.json
  artifactKey: Guid(8143d3a8390f2c64685e3bc272bd9e90) Importer(815301076,1909f56bfc062723c751e8b465ee728b)
Start importing Packages/com.unity.ext.nunit/package.json using Guid(8143d3a8390f2c64685e3bc272bd9e90) Importer(815301076,1909f56bfc062723c751e8b465ee728b)  -> (artifact id: '36f449bd9ed4a92e06d659da724da745') in 0.332442 seconds 
========================================================================
Received Import Request.
  Time since last request: 38.042064 seconds.
  path: Assets/BrokenVector/LowPolyTreePack
  artifactKey: Guid(762d9af53e4f12743bc5e56e83602567) Importer(815301076,1909f56bfc062723c751e8b465ee728b)
Start importing Assets/BrokenVector/LowPolyTreePack using Guid(762d9af53e4f12743bc5e56e83602567) Importer(815301076,1909f56bfc062723c751e8b465ee728b)  -> (artifact id: '665941145070adb45605e5daa1f406b2') in 0.007474 seconds 
========================================================================
Received Import Request.
  Time since last request: 1.723369 seconds.
  path: Assets/BrokenVector/LowPolyTreePack/Models
  artifactKey: Guid(988f3dbd4cdadd84a8e393bdf70d8bf2) Importer(815301076,1909f56bfc062723c751e8b465ee728b)
Start importing Assets/BrokenVector/LowPolyTreePack/Models using Guid(988f3dbd4cdadd84a8e393bdf70d8bf2) Importer(815301076,1909f56bfc062723c751e8b465ee728b)  -> (artifact id: 'ec6653610387464287013b778ac5eb86') in 0.020181 seconds 
========================================================================
Received Import Request.
  Time since last request: 0.034380 seconds.
  path: Assets/BrokenVector/LowPolyTreePack/Models/Tree Type0 01.dae
  artifactKey: Guid(d2821924b86cff5439f12b0289585dbf) Importer(815301076,1909f56bfc062723c751e8b465ee728b)
Start importing Assets/BrokenVector/LowPolyTreePack/Models/Tree Type0 01.dae using Guid(d2821924b86cff5439f12b0289585dbf) Importer(815301076,1909f56bfc062723c751e8b465ee728b)  -> (artifact id: '180f234d49bb77e70c4c1f5d3008b68f') in 0.243896 seconds 
========================================================================
Received Import Request.
  Time since last request: 0.000158 seconds.
  path: Assets/BrokenVector/LowPolyTreePack/Models/Tree Type4 05.dae
  artifactKey: Guid(05f4a294fb6ca7e4c87b33948d1ebec3) Importer(815301076,1909f56bfc062723c751e8b465ee728b)
Start importing Assets/BrokenVector/LowPolyTreePack/Models/Tree Type4 05.dae using Guid(05f4a294fb6ca7e4c87b33948d1ebec3) Importer(815301076,1909f56bfc062723c751e8b465ee728b)  -> (artifact id: 'ff22a82889e6f95c5d8f13acc3f3e887') in 0.019497 seconds 
========================================================================
Received Import Request.
  Time since last request: 0.000164 seconds.
  path: Assets/BrokenVector/LowPolyTreePack/Models/Tree Type0 02.dae
  artifactKey: Guid(6b63ca9c7bc00f24b81b6cb48095b9a9) Importer(815301076,1909f56bfc062723c751e8b465ee728b)
Start importing Assets/BrokenVector/LowPolyTreePack/Models/Tree Type0 02.dae using Guid(6b63ca9c7bc00f24b81b6cb48095b9a9) Importer(815301076,1909f56bfc062723c751e8b465ee728b)  -> (artifact id: '16dbd6a20ec8208ae1aa038c1e628b65') in 0.030879 seconds 
========================================================================
Received Import Request.
  Time since last request: 0.000156 seconds.
  path: Assets/BrokenVector/LowPolyTreePack/Models/Tree Type3 02.dae
  artifactKey: Guid(68218c07874adef4fbe8100958fd9117) Importer(815301076,1909f56bfc062723c751e8b465ee728b)
Start importing Assets/BrokenVector/LowPolyTreePack/Models/Tree Type3 02.dae using Guid(68218c07874adef4fbe8100958fd9117) Importer(815301076,1909f56bfc062723c751e8b465ee728b)  -> (artifact id: '5a9bf9dd0dfb60d01fda9745e360850b') in 0.020774 seconds 
========================================================================
Received Import Request.
  Time since last request: 0.000159 seconds.
  path: Assets/BrokenVector/LowPolyTreePack/Models/Tree Type1 05.dae
  artifactKey: Guid(f6c597498257ae843adeb6a76dd3013e) Importer(815301076,1909f56bfc062723c751e8b465ee728b)
Start importing Assets/BrokenVector/LowPolyTreePack/Models/Tree Type1 05.dae using Guid(f6c597498257ae843adeb6a76dd3013e) Importer(815301076,1909f56bfc062723c751e8b465ee728b)  -> (artifact id: 'ff8b7530e6b412f6386b64ff86c08022') in 0.024556 seconds 
========================================================================
Received Import Request.
  Time since last request: 0.000164 seconds.
  path: Assets/BrokenVector/LowPolyTreePack/Models/Tree Type7 02.dae
  artifactKey: Guid(819c10f136958e549bf2eb4702b8f111) Importer(815301076,1909f56bfc062723c751e8b465ee728b)
Start importing Assets/BrokenVector/LowPolyTreePack/Models/Tree Type7 02.dae using Guid(819c10f136958e549bf2eb4702b8f111) Importer(815301076,1909f56bfc062723c751e8b465ee728b)  -> (artifact id: 'b427306c496a5242e4888e7bf4f1b583') in 0.020537 seconds 
========================================================================
Received Import Request.
  Time since last request: 0.000145 seconds.
  path: Assets/BrokenVector/LowPolyTreePack/Models/Tree Type5 02.dae
  artifactKey: Guid(eec2a0a67f1c8b243a386ec359eda522) Importer(815301076,1909f56bfc062723c751e8b465ee728b)
Start importing Assets/BrokenVector/LowPolyTreePack/Models/Tree Type5 02.dae using Guid(eec2a0a67f1c8b243a386ec359eda522) Importer(815301076,1909f56bfc062723c751e8b465ee728b)  -> (artifact id: '6a98abb2eecf4739c56a658c92ec9355') in 0.018224 seconds 
========================================================================
Received Import Request.
  Time since last request: 0.000156 seconds.
  path: Assets/BrokenVector/LowPolyTreePack/Models/Tree Type2 01.dae
  artifactKey: Guid(b3d80aad1767322488af8777deb5fd54) Importer(815301076,1909f56bfc062723c751e8b465ee728b)
Start importing Assets/BrokenVector/LowPolyTreePack/Models/Tree Type2 01.dae using Guid(b3d80aad1767322488af8777deb5fd54) Importer(815301076,1909f56bfc062723c751e8b465ee728b)  -> (artifact id: '3e9249ef5601c04009d38466ef2b460f') in 0.024226 seconds 
========================================================================
Received Import Request.
  Time since last request: 0.000177 seconds.
  path: Assets/BrokenVector/LowPolyTreePack/Models/Tree Type2 05.dae
  artifactKey: Guid(08370ae33fad3da4a8357631f8a9f5ae) Importer(815301076,1909f56bfc062723c751e8b465ee728b)
Start importing Assets/BrokenVector/LowPolyTreePack/Models/Tree Type2 05.dae using Guid(08370ae33fad3da4a8357631f8a9f5ae) Importer(815301076,1909f56bfc062723c751e8b465ee728b)  -> (artifact id: '92a46dae59421dfe5d988ddb60c93fbe') in 0.019488 seconds 
========================================================================
Received Import Request.
  Time since last request: 0.000176 seconds.
  path: Assets/BrokenVector/LowPolyTreePack/Models/Tree Type1 02.dae
  artifactKey: Guid(e063977d54ec61849aacc1b8e9eafc6f) Importer(815301076,1909f56bfc062723c751e8b465ee728b)
Start importing Assets/BrokenVector/LowPolyTreePack/Models/Tree Type1 02.dae using Guid(e063977d54ec61849aacc1b8e9eafc6f) Importer(815301076,1909f56bfc062723c751e8b465ee728b)  -> (artifact id: '7271c3abcef1fbb42239b9d892ce058a') in 0.015670 seconds 
========================================================================
Received Import Request.
  Time since last request: 0.000186 seconds.
  path: Assets/BrokenVector/LowPolyTreePack/Models/Tree Type4 04.dae
  artifactKey: Guid(361dbd13abe581240910f764f838d930) Importer(815301076,1909f56bfc062723c751e8b465ee728b)
Start importing Assets/BrokenVector/LowPolyTreePack/Models/Tree Type4 04.dae using Guid(361dbd13abe581240910f764f838d930) Importer(815301076,1909f56bfc062723c751e8b465ee728b)  -> (artifact id: 'd831c9d2aa3c825cbe5281370be6a5d4') in 0.013200 seconds 
========================================================================
Received Import Request.
  Time since last request: 0.000142 seconds.
  path: Assets/BrokenVector/LowPolyTreePack/Models/Tree Type5 03.dae
  artifactKey: Guid(1e97612a294865943926d93961f9c229) Importer(815301076,1909f56bfc062723c751e8b465ee728b)
Start importing Assets/BrokenVector/LowPolyTreePack/Models/Tree Type5 03.dae using Guid(1e97612a294865943926d93961f9c229) Importer(815301076,1909f56bfc062723c751e8b465ee728b)  -> (artifact id: '695cde93bcb1ee2b759a01abd3058382') in 0.012451 seconds 
========================================================================
Received Import Request.
  Time since last request: 0.000198 seconds.
  path: Assets/BrokenVector/LowPolyTreePack/Models/Tree Type6 03.dae
  artifactKey: Guid(f6e7f2100b2c5544d94468d977d66b29) Importer(815301076,1909f56bfc062723c751e8b465ee728b)
Start importing Assets/BrokenVector/LowPolyTreePack/Models/Tree Type6 03.dae using Guid(f6e7f2100b2c5544d94468d977d66b29) Importer(815301076,1909f56bfc062723c751e8b465ee728b)  -> (artifact id: '4f6811664502c7aac1f8db7d54f757fa') in 0.012960 seconds 
========================================================================
Received Import Request.
  Time since last request: 0.000142 seconds.
  path: Assets/BrokenVector/LowPolyTreePack/Models/Tree Type5 01.dae
  artifactKey: Guid(dfc73e1f73ca4d64da934fb2dcb38e9d) Importer(815301076,1909f56bfc062723c751e8b465ee728b)
Start importing Assets/BrokenVector/LowPolyTreePack/Models/Tree Type5 01.dae using Guid(dfc73e1f73ca4d64da934fb2dcb38e9d) Importer(815301076,1909f56bfc062723c751e8b465ee728b)  -> (artifact id: 'ed7abb84528bb91438503cb22e0fca90') in 0.011935 seconds 
========================================================================
Received Import Request.
  Time since last request: 0.000192 seconds.
  path: Assets/BrokenVector/LowPolyTreePack/Models/Tree Type5 04.dae
  artifactKey: Guid(2ab8bbefc4a0d4948b52fdcbd7c3489b) Importer(815301076,1909f56bfc062723c751e8b465ee728b)
Start importing Assets/BrokenVector/LowPolyTreePack/Models/Tree Type5 04.dae using Guid(2ab8bbefc4a0d4948b52fdcbd7c3489b) Importer(815301076,1909f56bfc062723c751e8b465ee728b)  -> (artifact id: '9fd324e8c129bcc3e12cbb0128695003') in 0.013308 seconds 
========================================================================
Received Import Request.
  Time since last request: 0.000165 seconds.
  path: Assets/BrokenVector/LowPolyTreePack/Models/Tree Type7 03.dae
  artifactKey: Guid(32b2d01a42b6ac84d9e11d5f05c569e1) Importer(815301076,1909f56bfc062723c751e8b465ee728b)
Start importing Assets/BrokenVector/LowPolyTreePack/Models/Tree Type7 03.dae using Guid(32b2d01a42b6ac84d9e11d5f05c569e1) Importer(815301076,1909f56bfc062723c751e8b465ee728b)  -> (artifact id: '345052b350a6594a1309a3e99b4fe0da') in 0.012453 seconds 
========================================================================
Received Import Request.
  Time since last request: 0.000188 seconds.
  path: Assets/BrokenVector/LowPolyTreePack/Models/Tree Type6 02.dae
  artifactKey: Guid(a502c85dd672f8d428b76fd14220881f) Importer(815301076,1909f56bfc062723c751e8b465ee728b)
Start importing Assets/BrokenVector/LowPolyTreePack/Models/Tree Type6 02.dae using Guid(a502c85dd672f8d428b76fd14220881f) Importer(815301076,1909f56bfc062723c751e8b465ee728b)  -> (artifact id: 'e737c54efa7c0c2af553fcdacc346278') in 0.012922 seconds 
========================================================================
Received Import Request.
  Time since last request: 0.000168 seconds.
  path: Assets/BrokenVector/LowPolyTreePack/Models/Tree Type0 06.dae
  artifactKey: Guid(58e56545a2d219944b78729eaa444a51) Importer(815301076,1909f56bfc062723c751e8b465ee728b)
Start importing Assets/BrokenVector/LowPolyTreePack/Models/Tree Type0 06.dae using Guid(58e56545a2d219944b78729eaa444a51) Importer(815301076,1909f56bfc062723c751e8b465ee728b)  -> (artifact id: '79f6f91371b81609b61c8cc33530d96e') in 0.012460 seconds 
========================================================================
Received Import Request.
  Time since last request: 0.000167 seconds.
  path: Assets/BrokenVector/LowPolyTreePack/Models/Tree Type3 01.dae
  artifactKey: Guid(5166d739d26f73246a2623515169479e) Importer(815301076,1909f56bfc062723c751e8b465ee728b)
Start importing Assets/BrokenVector/LowPolyTreePack/Models/Tree Type3 01.dae using Guid(5166d739d26f73246a2623515169479e) Importer(815301076,1909f56bfc062723c751e8b465ee728b)  -> (artifact id: '5109cd996b5a051a7e4a19b06e70d89f') in 0.014580 seconds 
========================================================================
Received Import Request.
  Time since last request: 0.000179 seconds.
  path: Assets/BrokenVector/LowPolyTreePack/Models/Tree Type1 04.dae
  artifactKey: Guid(0ddb82da3485fac4dbfe187acb70a610) Importer(815301076,1909f56bfc062723c751e8b465ee728b)
Start importing Assets/BrokenVector/LowPolyTreePack/Models/Tree Type1 04.dae using Guid(0ddb82da3485fac4dbfe187acb70a610) Importer(815301076,1909f56bfc062723c751e8b465ee728b)  -> (artifact id: '26e9e1a1ca0fb5e7bf3f98fc01a26007') in 0.012452 seconds 
========================================================================
Received Import Request.
  Time since last request: 0.000167 seconds.
  path: Assets/BrokenVector/LowPolyTreePack/Models/Tree Type7 01.dae
  artifactKey: Guid(173d123c3e337ee4c9d101f4c77225f5) Importer(815301076,1909f56bfc062723c751e8b465ee728b)
Start importing Assets/BrokenVector/LowPolyTreePack/Models/Tree Type7 01.dae using Guid(173d123c3e337ee4c9d101f4c77225f5) Importer(815301076,1909f56bfc062723c751e8b465ee728b)  -> (artifact id: 'fb9be5d03c48fafbe3ec2ac3185104c9') in 0.011637 seconds 
========================================================================
Received Import Request.
  Time since last request: 0.000227 seconds.
  path: Assets/BrokenVector/LowPolyTreePack/Models/Tree Type3 05.dae
  artifactKey: Guid(0658909382c77d041b643ae92bd27b82) Importer(815301076,1909f56bfc062723c751e8b465ee728b)
Start importing Assets/BrokenVector/LowPolyTreePack/Models/Tree Type3 05.dae using Guid(0658909382c77d041b643ae92bd27b82) Importer(815301076,1909f56bfc062723c751e8b465ee728b)  -> (artifact id: '05b18e212932c681bf552cebf4039623') in 0.012179 seconds 
========================================================================
Received Import Request.
  Time since last request: 0.000229 seconds.
  path: Assets/BrokenVector/LowPolyTreePack/Models/Tree Type0 04.dae
  artifactKey: Guid(b4f0e46a9f630054c925d3d92d45584e) Importer(815301076,1909f56bfc062723c751e8b465ee728b)
Start importing Assets/BrokenVector/LowPolyTreePack/Models/Tree Type0 04.dae using Guid(b4f0e46a9f630054c925d3d92d45584e) Importer(815301076,1909f56bfc062723c751e8b465ee728b)  -> (artifact id: '7f7ec34c5ce1a5f7315d00d5d3896e35') in 0.014514 seconds 
========================================================================
Received Import Request.
  Time since last request: 0.000163 seconds.
  path: Assets/BrokenVector/LowPolyTreePack/Models/Tree Type0 03.dae
  artifactKey: Guid(5648c7aa655120f44aab862e4a038f3c) Importer(815301076,1909f56bfc062723c751e8b465ee728b)
Start importing Assets/BrokenVector/LowPolyTreePack/Models/Tree Type0 03.dae using Guid(5648c7aa655120f44aab862e4a038f3c) Importer(815301076,1909f56bfc062723c751e8b465ee728b)  -> (artifact id: 'e5f664c58375b36fa80bd6a76088df8f') in 0.012097 seconds 
========================================================================
Received Import Request.
  Time since last request: 0.000152 seconds.
  path: Assets/BrokenVector/LowPolyTreePack/Models/Tree Type3 04.dae
  artifactKey: Guid(f52689dc8ea801b46874ff4a4a6c328a) Importer(815301076,1909f56bfc062723c751e8b465ee728b)
Start importing Assets/BrokenVector/LowPolyTreePack/Models/Tree Type3 04.dae using Guid(f52689dc8ea801b46874ff4a4a6c328a) Importer(815301076,1909f56bfc062723c751e8b465ee728b)  -> (artifact id: '17822facee05e79bc16ee01ad0c96651') in 0.011444 seconds 
========================================================================
Received Import Request.
  Time since last request: 0.000193 seconds.
  path: Assets/BrokenVector/LowPolyTreePack/Models/Tree Type4 01.dae
  artifactKey: Guid(9ddce011fb3cf3341b8c252c9b00cb4c) Importer(815301076,1909f56bfc062723c751e8b465ee728b)
Start importing Assets/BrokenVector/LowPolyTreePack/Models/Tree Type4 01.dae using Guid(9ddce011fb3cf3341b8c252c9b00cb4c) Importer(815301076,1909f56bfc062723c751e8b465ee728b)  -> (artifact id: 'bc3006d22f4d4d57d5d8c37be568a1b2') in 0.012067 seconds 
========================================================================
Received Import Request.
  Time since last request: 0.000162 seconds.
  path: Assets/BrokenVector/LowPolyTreePack/Models/Tree Type6 01.dae
  artifactKey: Guid(d508de2584ef7734aa500f5c47210151) Importer(815301076,1909f56bfc062723c751e8b465ee728b)
Start importing Assets/BrokenVector/LowPolyTreePack/Models/Tree Type6 01.dae using Guid(d508de2584ef7734aa500f5c47210151) Importer(815301076,1909f56bfc062723c751e8b465ee728b)  -> (artifact id: '124635d94521ec962c9945d524713632') in 0.012434 seconds 
========================================================================
Received Import Request.
  Time since last request: 0.000186 seconds.
  path: Assets/BrokenVector/LowPolyTreePack/Models/Tree Type1 03.dae
  artifactKey: Guid(dec71bb4e66221144b5db0af9e0f39d5) Importer(815301076,1909f56bfc062723c751e8b465ee728b)
Start importing Assets/BrokenVector/LowPolyTreePack/Models/Tree Type1 03.dae using Guid(dec71bb4e66221144b5db0af9e0f39d5) Importer(815301076,1909f56bfc062723c751e8b465ee728b)  -> (artifact id: 'b577ff6d966b4fe212bb078a68a4e944') in 0.011880 seconds 
========================================================================
Received Import Request.
  Time since last request: 0.000188 seconds.
  path: Assets/BrokenVector/LowPolyTreePack/Models/Tree Type2 02.dae
  artifactKey: Guid(2ea73da7fe37e7b42bb77b26e97df11f) Importer(815301076,1909f56bfc062723c751e8b465ee728b)
Start importing Assets/BrokenVector/LowPolyTreePack/Models/Tree Type2 02.dae using Guid(2ea73da7fe37e7b42bb77b26e97df11f) Importer(815301076,1909f56bfc062723c751e8b465ee728b)  -> (artifact id: 'f00ef6045da0eaf57e993e0f5ea44ec6') in 0.011465 seconds 
========================================================================
Received Import Request.
  Time since last request: 0.000230 seconds.
  path: Assets/BrokenVector/LowPolyTreePack/Models/Tree Type0 05.dae
  artifactKey: Guid(c8fd0d31d77530344baa4b459b8e221e) Importer(815301076,1909f56bfc062723c751e8b465ee728b)
Start importing Assets/BrokenVector/LowPolyTreePack/Models/Tree Type0 05.dae using Guid(c8fd0d31d77530344baa4b459b8e221e) Importer(815301076,1909f56bfc062723c751e8b465ee728b)  -> (artifact id: 'e0f4bce228ce89ef8c41f4544db350e7') in 0.013534 seconds 
========================================================================
Received Import Request.
  Time since last request: 0.000153 seconds.
  path: Assets/BrokenVector/LowPolyTreePack/Models/Tree Type4 02.dae
  artifactKey: Guid(20daf9d902df0d749bd16ac37a353854) Importer(815301076,1909f56bfc062723c751e8b465ee728b)
Start importing Assets/BrokenVector/LowPolyTreePack/Models/Tree Type4 02.dae using Guid(20daf9d902df0d749bd16ac37a353854) Importer(815301076,1909f56bfc062723c751e8b465ee728b)  -> (artifact id: '883186941c31a9e39c77c46b37499489') in 0.012725 seconds 
========================================================================
Received Import Request.
  Time since last request: 0.000160 seconds.
  path: Assets/BrokenVector/LowPolyTreePack/Models/Tree Type3 03.dae
  artifactKey: Guid(35c5b6683953dc54f99f68b4a16819f7) Importer(815301076,1909f56bfc062723c751e8b465ee728b)
Start importing Assets/BrokenVector/LowPolyTreePack/Models/Tree Type3 03.dae using Guid(35c5b6683953dc54f99f68b4a16819f7) Importer(815301076,1909f56bfc062723c751e8b465ee728b)  -> (artifact id: '4da64b1ce423d8fc1d521149e153d842') in 0.011805 seconds 
========================================================================
Received Import Request.
  Time since last request: 0.000154 seconds.
  path: Assets/BrokenVector/LowPolyTreePack/Models/Tree Type4 03.dae
  artifactKey: Guid(10155e34e1176c3489486fbf0cef1736) Importer(815301076,1909f56bfc062723c751e8b465ee728b)
Start importing Assets/BrokenVector/LowPolyTreePack/Models/Tree Type4 03.dae using Guid(10155e34e1176c3489486fbf0cef1736) Importer(815301076,1909f56bfc062723c751e8b465ee728b)  -> (artifact id: '1249895191f717bcacd243a1260afd26') in 0.012281 seconds 
========================================================================
Received Import Request.
  Time since last request: 0.000160 seconds.
  path: Assets/BrokenVector/LowPolyTreePack/Models/Tree Type6 04.dae
  artifactKey: Guid(66f0726e43c72a94aa9dc7aa4b6cbfe0) Importer(815301076,1909f56bfc062723c751e8b465ee728b)
Start importing Assets/BrokenVector/LowPolyTreePack/Models/Tree Type6 04.dae using Guid(66f0726e43c72a94aa9dc7aa4b6cbfe0) Importer(815301076,1909f56bfc062723c751e8b465ee728b)  -> (artifact id: 'fe95e03783a8db9b8ae9cedb229e08a9') in 0.012116 seconds 
========================================================================
Received Import Request.
  Time since last request: 0.000149 seconds.
  path: Assets/BrokenVector/LowPolyTreePack/Models/Tree Type7 04.dae
  artifactKey: Guid(f59e9c62851aaed46bb0599645bdfdc2) Importer(815301076,1909f56bfc062723c751e8b465ee728b)
Start importing Assets/BrokenVector/LowPolyTreePack/Models/Tree Type7 04.dae using Guid(f59e9c62851aaed46bb0599645bdfdc2) Importer(815301076,1909f56bfc062723c751e8b465ee728b)  -> (artifact id: '6020d3c87875aa3864342e20ea95c071') in 0.014136 seconds 
========================================================================
Received Import Request.
  Time since last request: 0.000159 seconds.
  path: Assets/BrokenVector/LowPolyTreePack/Models/Tree Type1 01.dae
  artifactKey: Guid(cb132eeaea305bc478721cc9b5cb57f8) Importer(815301076,1909f56bfc062723c751e8b465ee728b)
Start importing Assets/BrokenVector/LowPolyTreePack/Models/Tree Type1 01.dae using Guid(cb132eeaea305bc478721cc9b5cb57f8) Importer(815301076,1909f56bfc062723c751e8b465ee728b)  -> (artifact id: 'a6c4b6d032c059ebbec8d1ac251fc764') in 0.012614 seconds 
========================================================================
Received Import Request.
  Time since last request: 0.000179 seconds.
  path: Assets/BrokenVector/LowPolyTreePack/Models/Tree Type2 04.dae
  artifactKey: Guid(49a13064a6f46f1438de87926fc5fc42) Importer(815301076,1909f56bfc062723c751e8b465ee728b)
Start importing Assets/BrokenVector/LowPolyTreePack/Models/Tree Type2 04.dae using Guid(49a13064a6f46f1438de87926fc5fc42) Importer(815301076,1909f56bfc062723c751e8b465ee728b)  -> (artifact id: 'c37453d5b7f9918283946b61bb747e69') in 0.011694 seconds 
========================================================================
Received Import Request.
  Time since last request: 0.000171 seconds.
  path: Assets/BrokenVector/LowPolyTreePack/Models/Tree Type2 03.dae
  artifactKey: Guid(770b1e3321cb97344b7b5f9ccc2bfe56) Importer(815301076,1909f56bfc062723c751e8b465ee728b)
Start importing Assets/BrokenVector/LowPolyTreePack/Models/Tree Type2 03.dae using Guid(770b1e3321cb97344b7b5f9ccc2bfe56) Importer(815301076,1909f56bfc062723c751e8b465ee728b)  -> (artifact id: '7343e15fab29351c2af71b27bffeef10') in 0.012333 seconds 
========================================================================
Received Import Request.
  Time since last request: 5.595177 seconds.
  path: Assets/BrokenVector/LowPolyTreePack/Prefabs
  artifactKey: Guid(61e2f7a33e5cc384daa2b7f9271e54b6) Importer(815301076,1909f56bfc062723c751e8b465ee728b)
Start importing Assets/BrokenVector/LowPolyTreePack/Prefabs using Guid(61e2f7a33e5cc384daa2b7f9271e54b6) Importer(815301076,1909f56bfc062723c751e8b465ee728b)  -> (artifact id: '77330481be014b634685d9cf56159e6a') in 0.008099 seconds 
========================================================================
Received Import Request.
  Time since last request: 1.668943 seconds.
  path: Assets/BrokenVector/LowPolyTreePack/Prefabs/Tree Type0 01.prefab
  artifactKey: Guid(aee731a00031fcc4d9d2b075e528e050) Importer(815301076,1909f56bfc062723c751e8b465ee728b)
Start importing Assets/BrokenVector/LowPolyTreePack/Prefabs/Tree Type0 01.prefab using Guid(aee731a00031fcc4d9d2b075e528e050) Importer(815301076,1909f56bfc062723c751e8b465ee728b)  -> (artifact id: '0bf4586c5372a02248fac865049f5dc5') in 0.137468 seconds 
========================================================================
Received Import Request.
  Time since last request: 0.000165 seconds.
  path: Assets/BrokenVector/LowPolyTreePack/Prefabs/Tree Type5 03.prefab
  artifactKey: Guid(069e1e44b643edc4fb4a9d4311a78fb7) Importer(815301076,1909f56bfc062723c751e8b465ee728b)
Start importing Assets/BrokenVector/LowPolyTreePack/Prefabs/Tree Type5 03.prefab using Guid(069e1e44b643edc4fb4a9d4311a78fb7) Importer(815301076,1909f56bfc062723c751e8b465ee728b)  -> (artifact id: '2f0a061c757d96f039c12789681c9dd3') in 0.010449 seconds 
========================================================================
Received Import Request.
  Time since last request: 0.000161 seconds.
  path: Assets/BrokenVector/LowPolyTreePack/Prefabs/Tree Type6 04.prefab
  artifactKey: Guid(eed418c5a3c80d448b4cdbe594ebe3c5) Importer(815301076,1909f56bfc062723c751e8b465ee728b)
Start importing Assets/BrokenVector/LowPolyTreePack/Prefabs/Tree Type6 04.prefab using Guid(eed418c5a3c80d448b4cdbe594ebe3c5) Importer(815301076,1909f56bfc062723c751e8b465ee728b)  -> (artifact id: '2f12974d33786f6302c1651cc901ed5c') in 0.029288 seconds 
========================================================================
Received Import Request.
  Time since last request: 0.000168 seconds.
  path: Assets/BrokenVector/LowPolyTreePack/Prefabs/Tree Type2 03.prefab
  artifactKey: Guid(a0c53a09e4a37b5409b1248ebce2c376) Importer(815301076,1909f56bfc062723c751e8b465ee728b)
Start importing Assets/BrokenVector/LowPolyTreePack/Prefabs/Tree Type2 03.prefab using Guid(a0c53a09e4a37b5409b1248ebce2c376) Importer(815301076,1909f56bfc062723c751e8b465ee728b)  -> (artifact id: 'b8c1a792c7f09e204f9a3cb8246b238e') in 0.014208 seconds 
========================================================================
Received Import Request.
  Time since last request: 0.000196 seconds.
  path: Assets/BrokenVector/LowPolyTreePack/Prefabs/Tree Type2 05.prefab
  artifactKey: Guid(c7bcf19bbfa57ed4ea9147dff66d5542) Importer(815301076,1909f56bfc062723c751e8b465ee728b)
Start importing Assets/BrokenVector/LowPolyTreePack/Prefabs/Tree Type2 05.prefab using Guid(c7bcf19bbfa57ed4ea9147dff66d5542) Importer(815301076,1909f56bfc062723c751e8b465ee728b)  -> (artifact id: '76c6c522bdb64c14f77284a381238380') in 0.011502 seconds 
========================================================================
Received Import Request.
  Time since last request: 0.000206 seconds.
  path: Assets/BrokenVector/LowPolyTreePack/Prefabs/Tree Type0 03.prefab
  artifactKey: Guid(d537224908c5f444f86c9e57e0c7234c) Importer(815301076,1909f56bfc062723c751e8b465ee728b)
Start importing Assets/BrokenVector/LowPolyTreePack/Prefabs/Tree Type0 03.prefab using Guid(d537224908c5f444f86c9e57e0c7234c) Importer(815301076,1909f56bfc062723c751e8b465ee728b)  -> (artifact id: 'f6387ced67b57e20ac70d4dfbf56ba53') in 0.024256 seconds 
========================================================================
Received Import Request.
  Time since last request: 0.000164 seconds.
  path: Assets/BrokenVector/LowPolyTreePack/Prefabs/Tree Type0 06.prefab
  artifactKey: Guid(a9cc5585b9634a9449920c03ec6bc243) Importer(815301076,1909f56bfc062723c751e8b465ee728b)
Start importing Assets/BrokenVector/LowPolyTreePack/Prefabs/Tree Type0 06.prefab using Guid(a9cc5585b9634a9449920c03ec6bc243) Importer(815301076,1909f56bfc062723c751e8b465ee728b)  -> (artifact id: '1eb6e3792ffbd6ea988911dfb62d427c') in 0.011468 seconds 
========================================================================
Received Import Request.
  Time since last request: 0.000166 seconds.
  path: Assets/BrokenVector/LowPolyTreePack/Prefabs/Tree Type0 05.prefab
  artifactKey: Guid(9469bb1d3aa88ca40aa4079e96a27f8e) Importer(815301076,1909f56bfc062723c751e8b465ee728b)
Start importing Assets/BrokenVector/LowPolyTreePack/Prefabs/Tree Type0 05.prefab using Guid(9469bb1d3aa88ca40aa4079e96a27f8e) Importer(815301076,1909f56bfc062723c751e8b465ee728b)  -> (artifact id: 'b5ae8c5ff8f5397bc464b511003605d8') in 0.012601 seconds 
========================================================================
Received Import Request.
  Time since last request: 0.000180 seconds.
  path: Assets/BrokenVector/LowPolyTreePack/Prefabs/Tree Type6 02.prefab
  artifactKey: Guid(ac00d368a6864c04791bc85c5567bd51) Importer(815301076,1909f56bfc062723c751e8b465ee728b)
Start importing Assets/BrokenVector/LowPolyTreePack/Prefabs/Tree Type6 02.prefab using Guid(ac00d368a6864c04791bc85c5567bd51) Importer(815301076,1909f56bfc062723c751e8b465ee728b)  -> (artifact id: '4d11f30f164ee75ddb989ebc40c420d9') in 0.011766 seconds 
========================================================================
Received Import Request.
  Time since last request: 0.000229 seconds.
  path: Assets/BrokenVector/LowPolyTreePack/Prefabs/Tree Type4 04.prefab
  artifactKey: Guid(613b4cc8c589ad8458e792ae21891bef) Importer(815301076,1909f56bfc062723c751e8b465ee728b)
Start importing Assets/BrokenVector/LowPolyTreePack/Prefabs/Tree Type4 04.prefab using Guid(613b4cc8c589ad8458e792ae21891bef) Importer(815301076,1909f56bfc062723c751e8b465ee728b)  -> (artifact id: 'f34826d4b1b5befd84f5e2f0b04b0122') in 0.011558 seconds 
========================================================================
Received Import Request.
  Time since last request: 0.000208 seconds.
  path: Assets/BrokenVector/LowPolyTreePack/Prefabs/Tree Type3 05.prefab
  artifactKey: Guid(87a6cef862ce2cb4a88c5ca5d5af5d2b) Importer(815301076,1909f56bfc062723c751e8b465ee728b)
Start importing Assets/BrokenVector/LowPolyTreePack/Prefabs/Tree Type3 05.prefab using Guid(87a6cef862ce2cb4a88c5ca5d5af5d2b) Importer(815301076,1909f56bfc062723c751e8b465ee728b)  -> (artifact id: 'cbac1c108a10e1512c22b7c8cdae1272') in 0.024609 seconds 
========================================================================
Received Import Request.
  Time since last request: 0.000234 seconds.
  path: Assets/BrokenVector/LowPolyTreePack/Prefabs/Tree Type6 01.prefab
  artifactKey: Guid(ec7286e0017272441a3dec9205cb8daf) Importer(815301076,1909f56bfc062723c751e8b465ee728b)
Start importing Assets/BrokenVector/LowPolyTreePack/Prefabs/Tree Type6 01.prefab using Guid(ec7286e0017272441a3dec9205cb8daf) Importer(815301076,1909f56bfc062723c751e8b465ee728b)  -> (artifact id: '0030fde23cac71d458bdc471374a1d66') in 0.010401 seconds 
========================================================================
Received Import Request.
  Time since last request: 0.000183 seconds.
  path: Assets/BrokenVector/LowPolyTreePack/Prefabs/Tree Type6 03.prefab
  artifactKey: Guid(98653de49a7044442972e6997c40db16) Importer(815301076,1909f56bfc062723c751e8b465ee728b)
Start importing Assets/BrokenVector/LowPolyTreePack/Prefabs/Tree Type6 03.prefab using Guid(98653de49a7044442972e6997c40db16) Importer(815301076,1909f56bfc062723c751e8b465ee728b)  -> (artifact id: 'f07954867ffc92faa031e4e54397722d') in 0.011253 seconds 
========================================================================
Received Import Request.
  Time since last request: 0.000186 seconds.
  path: Assets/BrokenVector/LowPolyTreePack/Prefabs/Tree Type7 01.prefab
  artifactKey: Guid(3fd9507fb16d56044bcf520c1d14427c) Importer(815301076,1909f56bfc062723c751e8b465ee728b)
Start importing Assets/BrokenVector/LowPolyTreePack/Prefabs/Tree Type7 01.prefab using Guid(3fd9507fb16d56044bcf520c1d14427c) Importer(815301076,1909f56bfc062723c751e8b465ee728b)  -> (artifact id: '7eec65041be5d88f83e0ffa50a8de3ae') in 0.012428 seconds 
========================================================================
Received Import Request.
  Time since last request: 0.000215 seconds.
  path: Assets/BrokenVector/LowPolyTreePack/Prefabs/Tree Type7 03.prefab
  artifactKey: Guid(2327ed4809c34cf4c97a5316db3d4796) Importer(815301076,1909f56bfc062723c751e8b465ee728b)
Start importing Assets/BrokenVector/LowPolyTreePack/Prefabs/Tree Type7 03.prefab using Guid(2327ed4809c34cf4c97a5316db3d4796) Importer(815301076,1909f56bfc062723c751e8b465ee728b)  -> (artifact id: '08f0c8ee08d52b38186c6b156152ac4f') in 0.010909 seconds 
========================================================================
Received Import Request.
  Time since last request: 0.000298 seconds.
  path: Assets/BrokenVector/LowPolyTreePack/Prefabs/Tree Type2 04.prefab
  artifactKey: Guid(99a48108c5a1932488c06e519f6097f4) Importer(815301076,1909f56bfc062723c751e8b465ee728b)
Start importing Assets/BrokenVector/LowPolyTreePack/Prefabs/Tree Type2 04.prefab using Guid(99a48108c5a1932488c06e519f6097f4) Importer(815301076,1909f56bfc062723c751e8b465ee728b)  -> (artifact id: '4c9b3676f37262a4dda0a67cfa303eb2') in 0.017067 seconds 
========================================================================
Received Import Request.
  Time since last request: 0.000186 seconds.
  path: Assets/BrokenVector/LowPolyTreePack/Prefabs/Tree Type3 03.prefab
  artifactKey: Guid(a1d34f7914a1d8148a0ce7262f7ba394) Importer(815301076,1909f56bfc062723c751e8b465ee728b)
Start importing Assets/BrokenVector/LowPolyTreePack/Prefabs/Tree Type3 03.prefab using Guid(a1d34f7914a1d8148a0ce7262f7ba394) Importer(815301076,1909f56bfc062723c751e8b465ee728b)  -> (artifact id: '69718f5102ac24694051761c25c34f57') in 0.010251 seconds 
========================================================================
Received Import Request.
  Time since last request: 0.000216 seconds.
  path: Assets/BrokenVector/LowPolyTreePack/Prefabs/Tree Type5 02.prefab
  artifactKey: Guid(446fc4730aadcd04985c8dafaaf0c501) Importer(815301076,1909f56bfc062723c751e8b465ee728b)
Start importing Assets/BrokenVector/LowPolyTreePack/Prefabs/Tree Type5 02.prefab using Guid(446fc4730aadcd04985c8dafaaf0c501) Importer(815301076,1909f56bfc062723c751e8b465ee728b)  -> (artifact id: 'f7eb3502a006a852bf64ad9e241a0892') in 0.011749 seconds 
========================================================================
Received Import Request.
  Time since last request: 0.000189 seconds.
  path: Assets/BrokenVector/LowPolyTreePack/Prefabs/Tree Type0 04.prefab
  artifactKey: Guid(8a7cf5ac7b4145441a3dca86f869b09e) Importer(815301076,1909f56bfc062723c751e8b465ee728b)
Start importing Assets/BrokenVector/LowPolyTreePack/Prefabs/Tree Type0 04.prefab using Guid(8a7cf5ac7b4145441a3dca86f869b09e) Importer(815301076,1909f56bfc062723c751e8b465ee728b)  -> (artifact id: 'd665c27a39fdef149c4cf2ae6f11ae93') in 0.025092 seconds 
========================================================================
Received Import Request.
  Time since last request: 0.000153 seconds.
  path: Assets/BrokenVector/LowPolyTreePack/Prefabs/Tree Type1 03.prefab
  artifactKey: Guid(55ca4401075700d46a23ae8179a79579) Importer(815301076,1909f56bfc062723c751e8b465ee728b)
Start importing Assets/BrokenVector/LowPolyTreePack/Prefabs/Tree Type1 03.prefab using Guid(55ca4401075700d46a23ae8179a79579) Importer(815301076,1909f56bfc062723c751e8b465ee728b)  -> (artifact id: '39f54e343aeb86fca240ad8fbe7bace8') in 0.011253 seconds 
========================================================================
Received Import Request.
  Time since last request: 0.000174 seconds.
  path: Assets/BrokenVector/LowPolyTreePack/Prefabs/Tree Type2 01.prefab
  artifactKey: Guid(78c29697749a6d44e964f9a0cf83d77a) Importer(815301076,1909f56bfc062723c751e8b465ee728b)
Start importing Assets/BrokenVector/LowPolyTreePack/Prefabs/Tree Type2 01.prefab using Guid(78c29697749a6d44e964f9a0cf83d77a) Importer(815301076,1909f56bfc062723c751e8b465ee728b)  -> (artifact id: '3ff4c3321b5ff9f2db6df1f2497c1a30') in 0.011847 seconds 
========================================================================
Received Import Request.
  Time since last request: 0.000164 seconds.
  path: Assets/BrokenVector/LowPolyTreePack/Prefabs/Tree Type3 04.prefab
  artifactKey: Guid(7c5aafe3fe2c6ef4a9150f7f44653760) Importer(815301076,1909f56bfc062723c751e8b465ee728b)
Start importing Assets/BrokenVector/LowPolyTreePack/Prefabs/Tree Type3 04.prefab using Guid(7c5aafe3fe2c6ef4a9150f7f44653760) Importer(815301076,1909f56bfc062723c751e8b465ee728b)  -> (artifact id: 'ba41c7b8633af7456f8275af7cea5d7f') in 0.012693 seconds 
========================================================================
Received Import Request.
  Time since last request: 0.000164 seconds.
  path: Assets/BrokenVector/LowPolyTreePack/Prefabs/Tree Type7 02.prefab
  artifactKey: Guid(107cc8771223daf48be99527559937ff) Importer(815301076,1909f56bfc062723c751e8b465ee728b)
Start importing Assets/BrokenVector/LowPolyTreePack/Prefabs/Tree Type7 02.prefab using Guid(107cc8771223daf48be99527559937ff) Importer(815301076,1909f56bfc062723c751e8b465ee728b)  -> (artifact id: 'ce3aee1e5a8b000260cb2e77cd81945a') in 0.011439 seconds 
========================================================================
Received Import Request.
  Time since last request: 0.000173 seconds.
  path: Assets/BrokenVector/LowPolyTreePack/Prefabs/Tree Type7 04.prefab
  artifactKey: Guid(3c74caa0496b18d4ba0a1009ebb4c992) Importer(815301076,1909f56bfc062723c751e8b465ee728b)
Start importing Assets/BrokenVector/LowPolyTreePack/Prefabs/Tree Type7 04.prefab using Guid(3c74caa0496b18d4ba0a1009ebb4c992) Importer(815301076,1909f56bfc062723c751e8b465ee728b)  -> (artifact id: '4012687027e332420863fdde79b3304a') in 0.011557 seconds 
========================================================================
Received Import Request.
  Time since last request: 0.000176 seconds.
  path: Assets/BrokenVector/LowPolyTreePack/Prefabs/Tree Type0 02.prefab
  artifactKey: Guid(5c3cbac9d5eae3844a928d36e6dbd1a6) Importer(815301076,1909f56bfc062723c751e8b465ee728b)
Start importing Assets/BrokenVector/LowPolyTreePack/Prefabs/Tree Type0 02.prefab using Guid(5c3cbac9d5eae3844a928d36e6dbd1a6) Importer(815301076,1909f56bfc062723c751e8b465ee728b)  -> (artifact id: '4b0648d1fb5e85bb7a08efd24e186847') in 0.018543 seconds 
========================================================================
Received Import Request.
  Time since last request: 0.000152 seconds.
  path: Assets/BrokenVector/LowPolyTreePack/Prefabs/Tree Type3 02.prefab
  artifactKey: Guid(7641c7e8354e2c44cab6432d9d2c6d1b) Importer(815301076,1909f56bfc062723c751e8b465ee728b)
Start importing Assets/BrokenVector/LowPolyTreePack/Prefabs/Tree Type3 02.prefab using Guid(7641c7e8354e2c44cab6432d9d2c6d1b) Importer(815301076,1909f56bfc062723c751e8b465ee728b)  -> (artifact id: '89144b0473b51b114f34c680b120b8d6') in 0.010401 seconds 
========================================================================
Received Import Request.
  Time since last request: 0.000196 seconds.
  path: Assets/BrokenVector/LowPolyTreePack/Prefabs/Tree Type1 04.prefab
  artifactKey: Guid(8ed1fa325ca228645ad26dd6eff14768) Importer(815301076,1909f56bfc062723c751e8b465ee728b)
Start importing Assets/BrokenVector/LowPolyTreePack/Prefabs/Tree Type1 04.prefab using Guid(8ed1fa325ca228645ad26dd6eff14768) Importer(815301076,1909f56bfc062723c751e8b465ee728b)  -> (artifact id: '7e83a5afb47f2f2851eecac5da362ba5') in 0.009112 seconds 
========================================================================
Received Import Request.
  Time since last request: 0.000212 seconds.
  path: Assets/BrokenVector/LowPolyTreePack/Prefabs/Tree Type5 01.prefab
  artifactKey: Guid(11d469914a0208343b39f04223416f9c) Importer(815301076,1909f56bfc062723c751e8b465ee728b)
Start importing Assets/BrokenVector/LowPolyTreePack/Prefabs/Tree Type5 01.prefab using Guid(11d469914a0208343b39f04223416f9c) Importer(815301076,1909f56bfc062723c751e8b465ee728b)  -> (artifact id: '22ebfc6b89116448ac675d6b9fa37ee5') in 0.008871 seconds 
========================================================================
Received Import Request.
  Time since last request: 0.000186 seconds.
  path: Assets/BrokenVector/LowPolyTreePack/Prefabs/Tree Type1 05.prefab
  artifactKey: Guid(76be61eeff2e7164cb99e1cf8cf0c22b) Importer(815301076,1909f56bfc062723c751e8b465ee728b)
Start importing Assets/BrokenVector/LowPolyTreePack/Prefabs/Tree Type1 05.prefab using Guid(76be61eeff2e7164cb99e1cf8cf0c22b) Importer(815301076,1909f56bfc062723c751e8b465ee728b)  -> (artifact id: '2ced830e2d24d772fad66674490e574b') in 0.009305 seconds 
========================================================================
Received Import Request.
  Time since last request: 0.000180 seconds.
  path: Assets/BrokenVector/LowPolyTreePack/Prefabs/Tree Type5 04.prefab
  artifactKey: Guid(1e4e7284c1efd5f4eb702c799353072c) Importer(815301076,1909f56bfc062723c751e8b465ee728b)
Start importing Assets/BrokenVector/LowPolyTreePack/Prefabs/Tree Type5 04.prefab using Guid(1e4e7284c1efd5f4eb702c799353072c) Importer(815301076,1909f56bfc062723c751e8b465ee728b)  -> (artifact id: '6215c21b52768dbe2623950f607a6653') in 0.009954 seconds 
========================================================================
Received Import Request.
  Time since last request: 0.000157 seconds.
  path: Assets/BrokenVector/LowPolyTreePack/Prefabs/Tree Type1 01.prefab
  artifactKey: Guid(fc05c8bfad7df5a4abe568aca7403b9e) Importer(815301076,1909f56bfc062723c751e8b465ee728b)
Start importing Assets/BrokenVector/LowPolyTreePack/Prefabs/Tree Type1 01.prefab using Guid(fc05c8bfad7df5a4abe568aca7403b9e) Importer(815301076,1909f56bfc062723c751e8b465ee728b)  -> (artifact id: '06083e98173a816330061fd8d2e66bfb') in 0.009094 seconds 
========================================================================
Received Import Request.
  Time since last request: 0.000213 seconds.
  path: Assets/BrokenVector/LowPolyTreePack/Prefabs/Tree Type4 05.prefab
  artifactKey: Guid(aec50823ac9be1b45b5778c3b6c0f51a) Importer(815301076,1909f56bfc062723c751e8b465ee728b)
Start importing Assets/BrokenVector/LowPolyTreePack/Prefabs/Tree Type4 05.prefab using Guid(aec50823ac9be1b45b5778c3b6c0f51a) Importer(815301076,1909f56bfc062723c751e8b465ee728b)  -> (artifact id: '4e0835566dbf73d59ab119608098e3f2') in 0.009307 seconds 
========================================================================
Received Import Request.
  Time since last request: 0.000149 seconds.
  path: Assets/BrokenVector/LowPolyTreePack/Prefabs/Tree Type4 02.prefab
  artifactKey: Guid(38ade0ba7c293f14a9b1b610879e9390) Importer(815301076,1909f56bfc062723c751e8b465ee728b)
Start importing Assets/BrokenVector/LowPolyTreePack/Prefabs/Tree Type4 02.prefab using Guid(38ade0ba7c293f14a9b1b610879e9390) Importer(815301076,1909f56bfc062723c751e8b465ee728b)  -> (artifact id: '267ee7f915d6e9cb28ace59a56d41875') in 0.008947 seconds 
========================================================================
Received Import Request.
  Time since last request: 0.000189 seconds.
  path: Assets/BrokenVector/LowPolyTreePack/Prefabs/Tree Type4 03.prefab
  artifactKey: Guid(b1b1573cfe717c04caad3e631288f7e9) Importer(815301076,1909f56bfc062723c751e8b465ee728b)
Start importing Assets/BrokenVector/LowPolyTreePack/Prefabs/Tree Type4 03.prefab using Guid(b1b1573cfe717c04caad3e631288f7e9) Importer(815301076,1909f56bfc062723c751e8b465ee728b)  -> (artifact id: '5f51494a75c9f6321f812fcd6143a6d4') in 0.009063 seconds 
========================================================================
Received Import Request.
  Time since last request: 0.000197 seconds.
  path: Assets/BrokenVector/LowPolyTreePack/Prefabs/Tree Type4 01.prefab
  artifactKey: Guid(fb8ae0828a555f74996970b8d0495f15) Importer(815301076,1909f56bfc062723c751e8b465ee728b)
Start importing Assets/BrokenVector/LowPolyTreePack/Prefabs/Tree Type4 01.prefab using Guid(fb8ae0828a555f74996970b8d0495f15) Importer(815301076,1909f56bfc062723c751e8b465ee728b)  -> (artifact id: 'eb7d2a66697f2dc1a646b14ce2977bd6') in 0.009586 seconds 
========================================================================
Received Import Request.
  Time since last request: 0.000160 seconds.
  path: Assets/BrokenVector/LowPolyTreePack/Prefabs/Tree Type2 02.prefab
  artifactKey: Guid(5037d6ea184d2f640bf78dcf9894a269) Importer(815301076,1909f56bfc062723c751e8b465ee728b)
Start importing Assets/BrokenVector/LowPolyTreePack/Prefabs/Tree Type2 02.prefab using Guid(5037d6ea184d2f640bf78dcf9894a269) Importer(815301076,1909f56bfc062723c751e8b465ee728b)  -> (artifact id: '4d3ecf9d744b940218fc25ab98dee827') in 0.009179 seconds 
========================================================================
Received Import Request.
  Time since last request: 0.000244 seconds.
  path: Assets/BrokenVector/LowPolyTreePack/Prefabs/Tree Type1 02.prefab
  artifactKey: Guid(702740a5e4ac1ee40a1888d3b62faa91) Importer(815301076,1909f56bfc062723c751e8b465ee728b)
Start importing Assets/BrokenVector/LowPolyTreePack/Prefabs/Tree Type1 02.prefab using Guid(702740a5e4ac1ee40a1888d3b62faa91) Importer(815301076,1909f56bfc062723c751e8b465ee728b)  -> (artifact id: 'a8f18c7254cbf124a984ddf24acb5665') in 0.008840 seconds 
========================================================================
Received Import Request.
  Time since last request: 0.000196 seconds.
  path: Assets/BrokenVector/LowPolyTreePack/Prefabs/Tree Type3 01.prefab
  artifactKey: Guid(62724a8cd2495b14f930b7129c3bc47b) Importer(815301076,1909f56bfc062723c751e8b465ee728b)
Start importing Assets/BrokenVector/LowPolyTreePack/Prefabs/Tree Type3 01.prefab using Guid(62724a8cd2495b14f930b7129c3bc47b) Importer(815301076,1909f56bfc062723c751e8b465ee728b)  -> (artifact id: '9f3e3b5a263b8592326b342d3143c33a') in 0.008896 seconds 
========================================================================
Received Import Request.
  Time since last request: 359.070256 seconds.
  path: Assets/Trees
  artifactKey: Guid(64f60bceb7b2fb14a8a9d36d239143aa) Importer(815301076,1909f56bfc062723c751e8b465ee728b)
Start importing Assets/Trees using Guid(64f60bceb7b2fb14a8a9d36d239143aa) Importer(815301076,1909f56bfc062723c751e8b465ee728b)  -> (artifact id: 'a91990953de9565e92666d849fd72ef2') in 0.004778 seconds 
AssetImportWorkerClient::OnTransportError - code=2 error=End of file
